Using pre-set license
Built from '2020.3/staging' branch; Version is '2020.3.8f1 (507919d4fff5) revision 5273881'; Using compiler version '192528614'; Build Type 'Release'
OS: 'Windows 10 Home; OS build 19042.1110; Version 2009; 64bit' Language: 'zh' Physical Memory: 65445 MB
BatchMode: 1, IsHumanControllingUs: 0, StartBugReporterOnCrash: 0, Is64bit: 1, IsPro: 0

 COMMAND LINE ARGUMENTS:
C:\Program Files\Unity\Hub\Editor\2020.3.8f1\Editor\Unity.exe
-adb2
-batchMode
-noUpm
-name
AssetImportWorker0
-projectPath
E:/DDDD/GITFILE/ARPGTD/WalkThrough
-logFile
Logs/AssetImportWorker0.log
-srvPort
54140
Successfully changed project path to: E:/DDDD/GITFILE/ARPGTD/WalkThrough
E:/DDDD/GITFILE/ARPGTD/WalkThrough
Using Asset Import Pipeline V2.
Refreshing native plugins compatible for Editor in 23.55 ms, found 0 plugins.
Preloading 0 native plugins for Editor in 0.00 ms.
Initialize engine version: 2020.3.8f1 (507919d4fff5)
[Subsystems] Discovering subsystems at path C:/Program Files/Unity/Hub/Editor/2020.3.8f1/Editor/Data/Resources/UnitySubsystems
[Subsystems] Discovering subsystems at path E:/DDDD/GITFILE/ARPGTD/WalkThrough/Assets
GfxDevice: creating device client; threaded=0
Direct3D:
    Version:  Direct3D 11.0 [level 11.1]
    Renderer: NVIDIA GeForce RTX 3090 (ID=0x2204)
    Vendor:   
    VRAM:     24348 MB
    Driver:   27.21.14.6647
Initialize mono
Mono path[0] = 'C:/Program Files/Unity/Hub/Editor/2020.3.8f1/Editor/Data/Managed'
Mono path[1] = 'C:/Program Files/Unity/Hub/Editor/2020.3.8f1/Editor/Data/MonoBleedingEdge/lib/mono/unityjit'
Mono config path = 'C:/Program Files/Unity/Hub/Editor/2020.3.8f1/Editor/Data/MonoBleedingEdge/etc'
Using monoOptions --debugger-agent=transport=dt_socket,embedding=1,server=y,suspend=n,address=127.0.0.1:56828
Begin MonoManager ReloadAssembly
Registering precompiled unity dll's ...
Register platform support module: C:/Program Files/Unity/Hub/Editor/2020.3.8f1/Editor/Data/PlaybackEngines/WindowsStandaloneSupport/UnityEditor.WindowsStandalone.Extensions.dll
Registered in 0.001454 seconds.
Native extension for WindowsStandalone target not found
Refreshing native plugins compatible for Editor in 19.39 ms, found 0 plugins.
Preloading 0 native plugins for Editor in 0.00 ms.
Mono: successfully reloaded assembly
- Completed reload, in  0.703 seconds
Platform modules already initialized, skipping
Registering precompiled user dll's ...
Registered in 0.000342 seconds.
Begin MonoManager ReloadAssembly
Native extension for WindowsStandalone target not found
Refreshing native plugins compatible for Editor in 0.28 ms, found 0 plugins.
Preloading 0 native plugins for Editor in 0.00 ms.
Mono: successfully reloaded assembly
- Completed reload, in  0.526 seconds
Platform modules already initialized, skipping
========================================================================
Worker process is ready to serve import requests
Launched and connected shader compiler UnityShaderCompiler.exe after 0.04 seconds
Refreshing native plugins compatible for Editor in 0.28 ms, found 0 plugins.
Preloading 0 native plugins for Editor in 0.00 ms.
Unloading 1149 Unused Serialized files (Serialized files now loaded: 0)
System memory in use before: 62.8 MB.
System memory in use after: 62.9 MB.

Unloading 9 unused Assets to reduce memory usage. Loaded Objects now: 1595.
Total: 1.886800 ms (FindLiveObjects: 0.177700 ms CreateObjectMapping: 0.050200 ms MarkObjects: 1.598300 ms  DeleteObjects: 0.059500 ms)

========================================================================
Received Import Request.
  path: Assets/UnityChan.prefab
  artifactKey: Guid(99430b63a2165614f8f2d81261150fbb) Importer(815301076,1909f56bfc062723c751e8b465ee728b)
Start importing Assets/UnityChan.prefab using Guid(99430b63a2165614f8f2d81261150fbb) Importer(815301076,1909f56bfc062723c751e8b465ee728b)  -> (artifact id: '4a60a7e85705af36d3ea92fe488eb57c') in 0.305047 seconds
  Import took 0.308875 seconds .

========================================================================
Received Import Request.
  Time since last request: 114.018454 seconds.
  path: Assets/unitychanControlMM.cs
  artifactKey: Guid(7055f8789a06bba479b1161045ae7395) Importer(815301076,1909f56bfc062723c751e8b465ee728b)
Start importing Assets/unitychanControlMM.cs using Guid(7055f8789a06bba479b1161045ae7395) Importer(815301076,1909f56bfc062723c751e8b465ee728b)  -> (artifact id: '8ceaabeb8c9fc9b0a7af18738c106757') in 0.007059 seconds
  Import took 0.008982 seconds .

========================================================================
Received Import Request.
  Time since last request: 0.044595 seconds.
  path: Assets/unitychanControlMM.cs
  artifactKey: Guid(7055f8789a06bba479b1161045ae7395) Importer(815301076,1909f56bfc062723c751e8b465ee728b)
Start importing Assets/unitychanControlMM.cs using Guid(7055f8789a06bba479b1161045ae7395) Importer(815301076,1909f56bfc062723c751e8b465ee728b)  -> (artifact id: '8ceaabeb8c9fc9b0a7af18738c106757') in 0.001599 seconds
  Import took 0.003614 seconds .

========================================================================
Received Import Request.
  Time since last request: 20.523085 seconds.
  path: Assets/TPSccc.cs
  artifactKey: Guid(e434d5c676eb4e9468364dc5c8788594) Importer(815301076,1909f56bfc062723c751e8b465ee728b)
Start importing Assets/TPSccc.cs using Guid(e434d5c676eb4e9468364dc5c8788594) Importer(815301076,1909f56bfc062723c751e8b465ee728b)  -> (artifact id: '0fe647a260185ae69973e2fadc5a9634') in 0.005036 seconds
  Import took 0.006801 seconds .

========================================================================
Received Import Request.
  Time since last request: 0.000607 seconds.
  path: Assets/TPSccc.cs
  artifactKey: Guid(e434d5c676eb4e9468364dc5c8788594) Importer(815301076,1909f56bfc062723c751e8b465ee728b)
Start importing Assets/TPSccc.cs using Guid(e434d5c676eb4e9468364dc5c8788594) Importer(815301076,1909f56bfc062723c751e8b465ee728b)  -> (artifact id: '0fe647a260185ae69973e2fadc5a9634') in 0.001062 seconds
  Import took 0.002221 seconds .

========================================================================
Received Prepare
Registering precompiled user dll's ...
Registered in 0.000313 seconds.
Begin MonoManager ReloadAssembly
Native extension for WindowsStandalone target not found
Refreshing native plugins compatible for Editor in 0.31 ms, found 0 plugins.
Preloading 0 native plugins for Editor in 0.00 ms.
Mono: successfully reloaded assembly
- Completed reload, in  0.506 seconds
Platform modules already initialized, skipping
Refreshing native plugins compatible for Editor in 0.31 ms, found 0 plugins.
Preloading 0 native plugins for Editor in 0.00 ms.
Unloading 1132 Unused Serialized files (Serialized files now loaded: 0)
System memory in use before: 78.3 MB.
System memory in use after: 78.4 MB.

Unloading 4 unused Assets to reduce memory usage. Loaded Objects now: 1606.
Total: 1.645800 ms (FindLiveObjects: 0.146000 ms CreateObjectMapping: 0.023900 ms MarkObjects: 1.458500 ms  DeleteObjects: 0.016000 ms)

========================================================================
Received Import Request.
  Time since last request: 76.757373 seconds.
  path: Assets/TPSccc.cs
  artifactKey: Guid(e434d5c676eb4e9468364dc5c8788594) Importer(815301076,1909f56bfc062723c751e8b465ee728b)
Start importing Assets/TPSccc.cs using Guid(e434d5c676eb4e9468364dc5c8788594) Importer(815301076,1909f56bfc062723c751e8b465ee728b)  -> (artifact id: '12dbc3f867ecd45675a1a7e30ac2aa63') in 0.003683 seconds
  Import took 0.005273 seconds .

========================================================================
Received Prepare
Registering precompiled user dll's ...
Registered in 0.000386 seconds.
Begin MonoManager ReloadAssembly
Native extension for WindowsStandalone target not found
Refreshing native plugins compatible for Editor in 0.29 ms, found 0 plugins.
Preloading 0 native plugins for Editor in 0.00 ms.
Mono: successfully reloaded assembly
- Completed reload, in  0.509 seconds
Platform modules already initialized, skipping
Refreshing native plugins compatible for Editor in 0.27 ms, found 0 plugins.
Preloading 0 native plugins for Editor in 0.00 ms.
Unloading 1132 Unused Serialized files (Serialized files now loaded: 0)
System memory in use before: 78.3 MB.
System memory in use after: 78.4 MB.

Unloading 4 unused Assets to reduce memory usage. Loaded Objects now: 1609.
Total: 1.559400 ms (FindLiveObjects: 0.159900 ms CreateObjectMapping: 0.037000 ms MarkObjects: 1.350400 ms  DeleteObjects: 0.011300 ms)

========================================================================
Received Import Request.
  Time since last request: 167.987144 seconds.
  path: Assets/Team_Seventh/Scripts/PlayerController.cs
  artifactKey: Guid(9c198e2131626714a90e1a029ef675aa) Importer(815301076,1909f56bfc062723c751e8b465ee728b)
Start importing Assets/Team_Seventh/Scripts/PlayerController.cs using Guid(9c198e2131626714a90e1a029ef675aa) Importer(815301076,1909f56bfc062723c751e8b465ee728b)  -> (artifact id: '1de2cc999d025b549cb96eb866c06e59') in 0.006949 seconds
  Import took 0.008782 seconds .

========================================================================
Received Prepare
Registering precompiled user dll's ...
Registered in 0.000356 seconds.
Begin MonoManager ReloadAssembly
Native extension for WindowsStandalone target not found
Refreshing native plugins compatible for Editor in 0.28 ms, found 0 plugins.
Preloading 0 native plugins for Editor in 0.00 ms.
Mono: successfully reloaded assembly
- Completed reload, in  0.498 seconds
Platform modules already initialized, skipping
Refreshing native plugins compatible for Editor in 0.29 ms, found 0 plugins.
Preloading 0 native plugins for Editor in 0.00 ms.
Unloading 1132 Unused Serialized files (Serialized files now loaded: 0)
System memory in use before: 78.3 MB.
System memory in use after: 78.4 MB.

Unloading 4 unused Assets to reduce memory usage. Loaded Objects now: 1612.
Total: 1.792800 ms (FindLiveObjects: 0.138400 ms CreateObjectMapping: 0.025700 ms MarkObjects: 1.613400 ms  DeleteObjects: 0.014500 ms)

========================================================================
Received Import Request.
  Time since last request: 22.656244 seconds.
  path: Assets/Team_Seventh/Scripts/CharacterBase.cs
  artifactKey: Guid(e5d76d0cf471a93448d025303a7035b7) Importer(815301076,1909f56bfc062723c751e8b465ee728b)
Start importing Assets/Team_Seventh/Scripts/CharacterBase.cs using Guid(e5d76d0cf471a93448d025303a7035b7) Importer(815301076,1909f56bfc062723c751e8b465ee728b)  -> (artifact id: 'a86aa41910f6abf8ec4d3b1d7d2198bf') in 0.006696 seconds
  Import took 0.008231 seconds .

========================================================================
Received Prepare
Registering precompiled user dll's ...
Registered in 0.000334 seconds.
Begin MonoManager ReloadAssembly
Native extension for WindowsStandalone target not found
Refreshing native plugins compatible for Editor in 0.30 ms, found 0 plugins.
Preloading 0 native plugins for Editor in 0.00 ms.
Mono: successfully reloaded assembly
- Completed reload, in  0.505 seconds
Platform modules already initialized, skipping
Refreshing native plugins compatible for Editor in 0.28 ms, found 0 plugins.
Preloading 0 native plugins for Editor in 0.00 ms.
Unloading 1132 Unused Serialized files (Serialized files now loaded: 0)
System memory in use before: 78.3 MB.
System memory in use after: 78.4 MB.

Unloading 4 unused Assets to reduce memory usage. Loaded Objects now: 1615.
Total: 1.935000 ms (FindLiveObjects: 0.138300 ms CreateObjectMapping: 0.021600 ms MarkObjects: 1.759800 ms  DeleteObjects: 0.014300 ms)

========================================================================
Received Import Request.
  Time since last request: 80.919299 seconds.
  path: Assets/Team_Seventh/Scripts/PlayerController.cs
  artifactKey: Guid(9c198e2131626714a90e1a029ef675aa) Importer(815301076,1909f56bfc062723c751e8b465ee728b)
Start importing Assets/Team_Seventh/Scripts/PlayerController.cs using Guid(9c198e2131626714a90e1a029ef675aa) Importer(815301076,1909f56bfc062723c751e8b465ee728b)  -> (artifact id: 'd5964ee440649e789e8c70252f94b591') in 0.003571 seconds
  Import took 0.005402 seconds .

========================================================================
Received Import Request.
  Time since last request: 0.018147 seconds.
  path: Assets/Team_Seventh/Scripts/PlayerController.cs
  artifactKey: Guid(9c198e2131626714a90e1a029ef675aa) Importer(815301076,1909f56bfc062723c751e8b465ee728b)
Start importing Assets/Team_Seventh/Scripts/PlayerController.cs using Guid(9c198e2131626714a90e1a029ef675aa) Importer(815301076,1909f56bfc062723c751e8b465ee728b)  -> (artifact id: 'd5964ee440649e789e8c70252f94b591') in 0.001325 seconds
  Import took 0.002943 seconds .

========================================================================
Received Prepare
Registering precompiled user dll's ...
Registered in 0.000382 seconds.
Begin MonoManager ReloadAssembly
Native extension for WindowsStandalone target not found
Refreshing native plugins compatible for Editor in 0.29 ms, found 0 plugins.
Preloading 0 native plugins for Editor in 0.00 ms.
Mono: successfully reloaded assembly
- Completed reload, in  0.501 seconds
Platform modules already initialized, skipping
Refreshing native plugins compatible for Editor in 0.26 ms, found 0 plugins.
Preloading 0 native plugins for Editor in 0.00 ms.
Unloading 1132 Unused Serialized files (Serialized files now loaded: 0)
System memory in use before: 78.3 MB.
System memory in use after: 78.4 MB.

Unloading 4 unused Assets to reduce memory usage. Loaded Objects now: 1618.
Total: 1.653600 ms (FindLiveObjects: 0.140600 ms CreateObjectMapping: 0.026200 ms MarkObjects: 1.471600 ms  DeleteObjects: 0.014200 ms)

========================================================================
Received Prepare
Registering precompiled user dll's ...
Registered in 0.000327 seconds.
Begin MonoManager ReloadAssembly
Native extension for WindowsStandalone target not found
Refreshing native plugins compatible for Editor in 0.29 ms, found 0 plugins.
Preloading 0 native plugins for Editor in 0.00 ms.
Mono: successfully reloaded assembly
- Completed reload, in  0.502 seconds
Platform modules already initialized, skipping
Refreshing native plugins compatible for Editor in 0.27 ms, found 0 plugins.
Preloading 0 native plugins for Editor in 0.00 ms.
Unloading 1132 Unused Serialized files (Serialized files now loaded: 0)
System memory in use before: 78.3 MB.
System memory in use after: 78.4 MB.

Unloading 4 unused Assets to reduce memory usage. Loaded Objects now: 1621.
Total: 1.631400 ms (FindLiveObjects: 0.155300 ms CreateObjectMapping: 0.028100 ms MarkObjects: 1.432700 ms  DeleteObjects: 0.014400 ms)

========================================================================
Received Prepare
Registering precompiled user dll's ...
Registered in 0.000323 seconds.
Begin MonoManager ReloadAssembly
Native extension for WindowsStandalone target not found
Refreshing native plugins compatible for Editor in 0.28 ms, found 0 plugins.
Preloading 0 native plugins for Editor in 0.00 ms.
Mono: successfully reloaded assembly
- Completed reload, in  0.488 seconds
Platform modules already initialized, skipping
Refreshing native plugins compatible for Editor in 0.26 ms, found 0 plugins.
Preloading 0 native plugins for Editor in 0.00 ms.
Unloading 1132 Unused Serialized files (Serialized files now loaded: 0)
System memory in use before: 78.4 MB.
System memory in use after: 78.5 MB.

Unloading 4 unused Assets to reduce memory usage. Loaded Objects now: 1624.
Total: 1.448000 ms (FindLiveObjects: 0.144800 ms CreateObjectMapping: 0.026600 ms MarkObjects: 1.262400 ms  DeleteObjects: 0.013300 ms)

========================================================================
Received Prepare
Registering precompiled user dll's ...
Registered in 0.000330 seconds.
Begin MonoManager ReloadAssembly
Native extension for WindowsStandalone target not found
Refreshing native plugins compatible for Editor in 0.29 ms, found 0 plugins.
Preloading 0 native plugins for Editor in 0.00 ms.
Mono: successfully reloaded assembly
- Completed reload, in  0.512 seconds
Platform modules already initialized, skipping
Refreshing native plugins compatible for Editor in 0.42 ms, found 0 plugins.
Preloading 0 native plugins for Editor in 0.00 ms.
Unloading 1132 Unused Serialized files (Serialized files now loaded: 0)
System memory in use before: 78.4 MB.
System memory in use after: 78.5 MB.

Unloading 4 unused Assets to reduce memory usage. Loaded Objects now: 1627.
Total: 1.407200 ms (FindLiveObjects: 0.137100 ms CreateObjectMapping: 0.030500 ms MarkObjects: 1.227300 ms  DeleteObjects: 0.011100 ms)

========================================================================
Received Import Request.
  Time since last request: 150.761100 seconds.
  path: Assets/TPSccc.cs
  artifactKey: Guid(e434d5c676eb4e9468364dc5c8788594) Importer(815301076,1909f56bfc062723c751e8b465ee728b)
Start importing Assets/TPSccc.cs using Guid(e434d5c676eb4e9468364dc5c8788594) Importer(815301076,1909f56bfc062723c751e8b465ee728b)  -> (artifact id: '4223bcb1c0a2d34f1e948d35b06406ab') in 0.003084 seconds
  Import took 0.004481 seconds .

========================================================================
Received Import Request.
  Time since last request: 1.080942 seconds.
  path: Assets/TPSccc.cs
  artifactKey: Guid(e434d5c676eb4e9468364dc5c8788594) Importer(815301076,1909f56bfc062723c751e8b465ee728b)
Start importing Assets/TPSccc.cs using Guid(e434d5c676eb4e9468364dc5c8788594) Importer(815301076,1909f56bfc062723c751e8b465ee728b)  -> (artifact id: '4223bcb1c0a2d34f1e948d35b06406ab') in 0.001707 seconds
  Import took 0.003500 seconds .

========================================================================
Received Import Request.
  Time since last request: 36.882395 seconds.
  path: Assets/Prefabs/unitychan.prefab
  artifactKey: Guid(f49e309a1d6de194bb6548ee36e3d460) Importer(815301076,1909f56bfc062723c751e8b465ee728b)
Start importing Assets/Prefabs/unitychan.prefab using Guid(f49e309a1d6de194bb6548ee36e3d460) Importer(815301076,1909f56bfc062723c751e8b465ee728b)  -> (artifact id: '076977079cebbbfa119f3b297d30d422') in 0.097937 seconds
  Import took 0.103792 seconds .

========================================================================
Received Import Request.
  Time since last request: 16.015592 seconds.
  path: Assets/Team_Seventh/Scripts/PlayerController.cs
  artifactKey: Guid(9c198e2131626714a90e1a029ef675aa) Importer(815301076,1909f56bfc062723c751e8b465ee728b)
Start importing Assets/Team_Seventh/Scripts/PlayerController.cs using Guid(9c198e2131626714a90e1a029ef675aa) Importer(815301076,1909f56bfc062723c751e8b465ee728b)  -> (artifact id: 'd6649c45fb1079647d11d242d3e99187') in 0.001773 seconds
  Import took 0.003428 seconds .

========================================================================
Received Import Request.
  Time since last request: 0.000417 seconds.
  path: Assets/Team_Seventh/Scripts/PlayerController.cs
  artifactKey: Guid(9c198e2131626714a90e1a029ef675aa) Importer(815301076,1909f56bfc062723c751e8b465ee728b)
Start importing Assets/Team_Seventh/Scripts/PlayerController.cs using Guid(9c198e2131626714a90e1a029ef675aa) Importer(815301076,1909f56bfc062723c751e8b465ee728b)  -> (artifact id: 'd6649c45fb1079647d11d242d3e99187') in 0.001516 seconds
  Import took 0.003079 seconds .

========================================================================
Received Prepare
Registering precompiled user dll's ...
Registered in 0.000921 seconds.
Begin MonoManager ReloadAssembly
Native extension for WindowsStandalone target not found
Refreshing native plugins compatible for Editor in 0.45 ms, found 0 plugins.
Preloading 0 native plugins for Editor in 0.00 ms.
Mono: successfully reloaded assembly
- Completed reload, in  0.501 seconds
Platform modules already initialized, skipping
Refreshing native plugins compatible for Editor in 0.31 ms, found 0 plugins.
Preloading 0 native plugins for Editor in 0.00 ms.
Unloading 1132 Unused Serialized files (Serialized files now loaded: 0)
System memory in use before: 78.4 MB.
System memory in use after: 78.5 MB.

Unloading 4 unused Assets to reduce memory usage. Loaded Objects now: 1631.
Total: 1.767800 ms (FindLiveObjects: 0.138200 ms CreateObjectMapping: 0.021800 ms MarkObjects: 1.590000 ms  DeleteObjects: 0.016700 ms)

========================================================================
Received Prepare
Registering precompiled user dll's ...
Registered in 0.000376 seconds.
Begin MonoManager ReloadAssembly
Native extension for WindowsStandalone target not found
Refreshing native plugins compatible for Editor in 0.30 ms, found 0 plugins.
Preloading 0 native plugins for Editor in 0.00 ms.
Mono: successfully reloaded assembly
- Completed reload, in  0.515 seconds
Platform modules already initialized, skipping
Refreshing native plugins compatible for Editor in 0.25 ms, found 0 plugins.
Preloading 0 native plugins for Editor in 0.00 ms.
Unloading 1132 Unused Serialized files (Serialized files now loaded: 0)
System memory in use before: 78.4 MB.
System memory in use after: 78.5 MB.

Unloading 4 unused Assets to reduce memory usage. Loaded Objects now: 1634.
Total: 1.579400 ms (FindLiveObjects: 0.144500 ms CreateObjectMapping: 0.026500 ms MarkObjects: 1.392800 ms  DeleteObjects: 0.014600 ms)

AssetImportWorkerClient::OnTransportError - code=2 error=End of file
